This file contains any messages produced by compilers while
running configure, to aid debugging if configure makes a mistake.

It was created by cddlib configure 0.94m, which was
generated by GNU Autoconf 2.69.  Invocation command line was

  $ ./configure 

## --------- ##
## Platform. ##
## --------- ##

hostname = lesninha
uname -m = x86_64
uname -r = 5.15.0-91-generic
uname -s = Linux
uname -v = #101~20.04.1-Ubuntu SMP Thu Nov 16 14:22:28 UTC 2023

/usr/bin/uname -p = x86_64
/bin/uname -X     = unknown

/bin/arch              = x86_64
/usr/bin/arch -k       = unknown
/usr/convex/getsysinfo = unknown
/usr/bin/hostinfo      = unknown
/bin/machine           = unknown
/usr/bin/oslevel       = unknown
/bin/universe          = unknown

PATH: /usr/local/sbin
PATH: /usr/local/bin
PATH: /usr/sbin
PATH: /usr/bin
PATH: /sbin
PATH: /bin
PATH: /snap/bin


## ----------- ##
## Core tests. ##
## ----------- ##

configure:2268: checking for a BSD-compatible install
configure:2336: result: /usr/bin/install -c
configure:2347: checking whether build environment is sane
configure:2402: result: yes
configure:2551: checking for a thread-safe mkdir -p
configure:2590: result: /usr/bin/mkdir -p
configure:2597: checking for gawk
configure:2627: result: no
configure:2597: checking for mawk
configure:2613: found /usr/bin/mawk
configure:2624: result: mawk
configure:2635: checking whether make sets $(MAKE)
configure:2657: result: yes
configure:2686: checking whether make supports nested variables
configure:2703: result: yes
configure:2792: checking whether UID '0' is supported by ustar format
configure:2795: result: yes
configure:2802: checking whether GID '0' is supported by ustar format
configure:2805: result: yes
configure:2813: checking how to create a ustar tar archive
configure:2824: tar --version
tar (GNU tar) 1.30
Copyright (C) 2017 Free Software Foundation, Inc.
License GPLv3+: GNU GPL version 3 or later <https://gnu.org/licenses/gpl.html>.
This is free software: you are free to change and redistribute it.
There is NO WARRANTY, to the extent permitted by law.

Written by John Gilmore and Jay Fenlason.
configure:2827: $? = 0
configure:2867: tardir=conftest.dir && eval tar --format=ustar -chf - "$tardir" >conftest.tar
configure:2870: $? = 0
configure:2874: tar -xf - <conftest.tar
configure:2877: $? = 0
configure:2879: cat conftest.dir/file
GrepMe
configure:2882: $? = 0
configure:2895: result: gnutar
configure:2994: checking for gcc
configure:3010: found /usr/bin/gcc
configure:3021: result: gcc
configure:3250: checking for C compiler version
configure:3259: gcc --version >&5
gcc (Ubuntu 9.4.0-1ubuntu1~20.04.2) 9.4.0
Copyright (C) 2019 Free Software Foundation, Inc.
This is free software; see the source for copying conditions.  There is NO
warranty; not even for MERCHANTABILITY or FITNESS FOR A PARTICULAR PURPOSE.

configure:3270: $? = 0
configure:3259: gcc -v >&5
Using built-in specs.
COLLECT_GCC=gcc
COLLECT_LTO_WRAPPER=/usr/lib/gcc/x86_64-linux-gnu/9/lto-wrapper
OFFLOAD_TARGET_NAMES=nvptx-none:hsa
OFFLOAD_TARGET_DEFAULT=1
Target: x86_64-linux-gnu
Configured with: ../src/configure -v --with-pkgversion='Ubuntu 9.4.0-1ubuntu1~20.04.2' --with-bugurl=file:///usr/share/doc/gcc-9/README.Bugs --enable-languages=c,ada,c++,go,brig,d,fortran,objc,obj-c++,gm2 --prefix=/usr --with-gcc-major-version-only --program-suffix=-9 --program-prefix=x86_64-linux-gnu- --enable-shared --enable-linker-build-id --libexecdir=/usr/lib --without-included-gettext --enable-threads=posix --libdir=/usr/lib --enable-nls --enable-clocale=gnu --enable-libstdcxx-debug --enable-libstdcxx-time=yes --with-default-libstdcxx-abi=new --enable-gnu-unique-object --disable-vtable-verify --enable-plugin --enable-default-pie --with-system-zlib --with-target-system-zlib=auto --enable-objc-gc=auto --enable-multiarch --disable-werror --with-arch-32=i686 --with-abi=m64 --with-multilib-list=m32,m64,mx32 --enable-multilib --with-tune=generic --enable-offload-targets=nvptx-none=/build/gcc-9-9QDOt0/gcc-9-9.4.0/debian/tmp-nvptx/usr,hsa --without-cuda-driver --enable-checking=release --build=x86_64-linux-gnu --host=x86_64-linux-gnu --target=x86_64-linux-gnu
Thread model: posix
gcc version 9.4.0 (Ubuntu 9.4.0-1ubuntu1~20.04.2) 
configure:3270: $? = 0
configure:3259: gcc -V >&5
gcc: error: unrecognized command line option '-V'
gcc: fatal error: no input files
compilation terminated.
configure:3270: $? = 1
configure:3259: gcc -qversion >&5
gcc: error: unrecognized command line option '-qversion'; did you mean '--version'?
gcc: fatal error: no input files
compilation terminated.
configure:3270: $? = 1
configure:3290: checking whether the C compiler works
configure:3312: gcc    conftest.c  >&5
configure:3316: $? = 0
configure:3364: result: yes
configure:3367: checking for C compiler default output file name
configure:3369: result: a.out
configure:3375: checking for suffix of executables
configure:3382: gcc -o conftest    conftest.c  >&5
configure:3386: $? = 0
configure:3408: result: 
configure:3430: checking whether we are cross compiling
configure:3438: gcc -o conftest    conftest.c  >&5
configure:3442: $? = 0
configure:3449: ./conftest
configure:3453: $? = 0
configure:3441: result: no
configure:3446: checking for suffix of object files
configure:3468: gcc -c   conftest.c >&5
configure:3472: $? = 0
configure:3493: result: o
configure:3497: checking whether we are using the GNU C compiler
configure:3516: gcc -c   conftest.c >&5
configure:3516: $? = 0
configure:3525: result: yes
configure:3534: checking whether gcc accepts -g
configure:3554: gcc -c -g  conftest.c >&5
configure:3554: $? = 0
configure:3595: result: yes
configure:3612: checking for gcc option to accept ISO C89
configure:3675: gcc  -c -g -O2  conftest.c >&5
configure:3675: $? = 0
configure:3688: result: none needed
configure:3713: checking whether gcc understands -c and -o together
configure:3735: gcc -c conftest.c -o conftest2.o
configure:3738: $? = 0
configure:3735: gcc -c conftest.c -o conftest2.o
configure:3738: $? = 0
configure:3750: result: yes
configure:3770: checking whether make supports the include directive
configure:3785: make -f confmf.GNU && cat confinc.out
this is the am__doit target
configure:3788: $? = 0
configure:3807: result: yes (GNU style)
configure:3832: checking dependency style of gcc
configure:3943: result: gcc3
configure:3959: checking for grep that handles long lines and -e
configure:4017: result: /usr/bin/grep
configure:4022: checking for egrep
configure:4084: result: /usr/bin/grep -E
configure:4118: checking build system type
configure:4132: result: x86_64-pc-linux-gnu
configure:4152: checking host system type
configure:4165: result: x86_64-pc-linux-gnu
configure:4206: checking how to print strings
configure:4233: result: printf
configure:4254: checking for a sed that does not truncate output
configure:4318: result: /usr/bin/sed
configure:4336: checking for fgrep
configure:4398: result: /usr/bin/grep -F
configure:4433: checking for ld used by gcc
configure:4500: result: /usr/bin/ld
configure:4507: checking if the linker (/usr/bin/ld) is GNU ld
configure:4522: result: yes
configure:4534: checking for BSD- or MS-compatible name lister (nm)
configure:4588: result: /usr/bin/nm -B
configure:4718: checking the name lister (/usr/bin/nm -B) interface
configure:4725: gcc -c -g -O2  conftest.c >&5
configure:4728: /usr/bin/nm -B "conftest.o"
configure:4731: output
0000000000000000 B some_variable
configure:4732: result: BSD nm
configure:4735: checking whether ln -s works
configure:4739: result: yes
configure:4747: checking the maximum length of command line arguments
configure:4878: result: 1572864
configure:4926: checking how to convert x86_64-pc-linux-gnu file names to x86_64-pc-linux-gnu format
configure:4966: result: func_convert_file_noop
configure:4973: checking how to convert x86_64-pc-linux-gnu file names to toolchain format
configure:4993: result: func_convert_file_noop
configure:5000: checking for /usr/bin/ld option to reload object files
configure:5007: result: -r
configure:5081: checking for objdump
configure:5097: found /usr/bin/objdump
configure:5108: result: objdump
configure:5137: checking how to recognize dependent libraries
configure:5337: result: pass_all
configure:5422: checking for dlltool
configure:5452: result: no
configure:5479: checking how to associate runtime and link libraries
configure:5506: result: printf %s\n
configure:5567: checking for ar
configure:5583: found /usr/bin/ar
configure:5594: result: ar
configure:5631: checking for archiver @FILE support
configure:5648: gcc -c -g -O2  conftest.c >&5
configure:5648: $? = 0
configure:5651: ar cru libconftest.a @conftest.lst >&5
ar: `u' modifier ignored since `D' is the default (see `U')
configure:5654: $? = 0
configure:5659: ar cru libconftest.a @conftest.lst >&5
ar: `u' modifier ignored since `D' is the default (see `U')
ar: conftest.o: No such file or directory
configure:5662: $? = 1
configure:5661: result: @
configure:5719: checking for strip
configure:5735: found /usr/bin/strip
configure:5746: result: strip
configure:5818: checking for ranlib
configure:5834: found /usr/bin/ranlib
configure:5845: result: ranlib
configure:5947: checking command to parse /usr/bin/nm -B output from gcc object
configure:6100: gcc -c -g -O2  conftest.c >&5
configure:6103: $? = 0
configure:6107: /usr/bin/nm -B conftest.o \| sed -n -e 's/^.*[ ]\([ABCDGIRSTW][ABCDGIRSTW]*\)[ ][ ]*\([_A-Za-z][_A-Za-z0-9]*\)$/\1 \2 \2/p' | sed '/ __gnu_lto/d' \> conftest.nm
configure:6110: $? = 0
configure:6176: gcc -o conftest -g -O2   conftest.c conftstm.o >&5
configure:6179: $? = 0
configure:6217: result: ok
configure:6264: checking for sysroot
configure:6294: result: no
configure:6301: checking for a working dd
configure:6339: result: /usr/bin/dd
configure:6343: checking how to truncate binary pipes
configure:6358: result: /usr/bin/dd bs=4096 count=1
configure:6494: gcc -c -g -O2  conftest.c >&5
configure:6497: $? = 0
configure:6687: checking for mt
configure:6703: found /usr/bin/mt
configure:6714: result: mt
configure:6737: checking if mt is a manifest tool
configure:6743: mt '-?'
configure:6751: result: no
configure:7428: checking how to run the C preprocessor
configure:7459: gcc -E  conftest.c
configure:7459: $? = 0
configure:7473: gcc -E  conftest.c
conftest.c:11:10: fatal error: ac_nonexistent.h: No such file or directory
   11 | #include <ac_nonexistent.h>
      |          ^~~~~~~~~~~~~~~~~~
compilation terminated.
configure:7473: $? = 1
configure: failed program was:
| /* confdefs.h */
| #define PACKAGE_NAME "cddlib"
| #define PACKAGE_TARNAME "cddlib"
| #define PACKAGE_VERSION "0.94m"
| #define PACKAGE_STRING "cddlib 0.94m"
| #define PACKAGE_BUGREPORT ""
| #define PACKAGE_URL ""
| #define PACKAGE "cddlib"
| #define VERSION "0.94m"
| /* end confdefs.h.  */
| #include <ac_nonexistent.h>
configure:7498: result: gcc -E
configure:7518: gcc -E  conftest.c
configure:7518: $? = 0
configure:7532: gcc -E  conftest.c
conftest.c:11:10: fatal error: ac_nonexistent.h: No such file or directory
   11 | #include <ac_nonexistent.h>
      |          ^~~~~~~~~~~~~~~~~~
compilation terminated.
configure:7532: $? = 1
configure: failed program was:
| /* confdefs.h */
| #define PACKAGE_NAME "cddlib"
| #define PACKAGE_TARNAME "cddlib"
| #define PACKAGE_VERSION "0.94m"
| #define PACKAGE_STRING "cddlib 0.94m"
| #define PACKAGE_BUGREPORT ""
| #define PACKAGE_URL ""
| #define PACKAGE "cddlib"
| #define VERSION "0.94m"
| /* end confdefs.h.  */
| #include <ac_nonexistent.h>
configure:7561: checking for ANSI C header files
configure:7581: gcc -c -g -O2  conftest.c >&5
configure:7581: $? = 0
configure:7654: gcc -o conftest -g -O2   conftest.c  >&5
configure:7654: $? = 0
configure:7654: ./conftest
configure:7654: $? = 0
configure:7665: result: yes
configure:7678: checking for sys/types.h
configure:7678: gcc -c -g -O2  conftest.c >&5
configure:7678: $? = 0
configure:7678: result: yes
configure:7678: checking for sys/stat.h
configure:7678: gcc -c -g -O2  conftest.c >&5
configure:7678: $? = 0
configure:7678: result: yes
configure:7678: checking for stdlib.h
configure:7678: gcc -c -g -O2  conftest.c >&5
configure:7678: $? = 0
configure:7678: result: yes
configure:7678: checking for string.h
configure:7678: gcc -c -g -O2  conftest.c >&5
configure:7678: $? = 0
configure:7678: result: yes
configure:7678: checking for memory.h
configure:7678: gcc -c -g -O2  conftest.c >&5
configure:7678: $? = 0
configure:7678: result: yes
configure:7678: checking for strings.h
configure:7678: gcc -c -g -O2  conftest.c >&5
configure:7678: $? = 0
configure:7678: result: yes
configure:7678: checking for inttypes.h
configure:7678: gcc -c -g -O2  conftest.c >&5
configure:7678: $? = 0
configure:7678: result: yes
configure:7678: checking for stdint.h
configure:7678: gcc -c -g -O2  conftest.c >&5
configure:7678: $? = 0
configure:7678: result: yes
configure:7678: checking for unistd.h
configure:7678: gcc -c -g -O2  conftest.c >&5
configure:7678: $? = 0
configure:7678: result: yes
configure:7692: checking for dlfcn.h
configure:7692: gcc -c -g -O2  conftest.c >&5
configure:7692: $? = 0
configure:7692: result: yes
configure:8246: checking for objdir
configure:8261: result: .libs
configure:8525: checking if gcc supports -fno-rtti -fno-exceptions
configure:8543: gcc -c -g -O2  -fno-rtti -fno-exceptions conftest.c >&5
cc1: warning: command line option '-fno-rtti' is valid for C++/D/ObjC++ but not for C
configure:8547: $? = 0
configure:8560: result: no
configure:8918: checking for gcc option to produce PIC
configure:8925: result: -fPIC -DPIC
configure:8933: checking if gcc PIC flag -fPIC -DPIC works
configure:8951: gcc -c -g -O2  -fPIC -DPIC -DPIC conftest.c >&5
configure:8955: $? = 0
configure:8968: result: yes
configure:8997: checking if gcc static flag -static works
configure:9025: result: yes
configure:9040: checking if gcc supports -c -o file.o
configure:9061: gcc -c -g -O2  -o out/conftest2.o conftest.c >&5
configure:9065: $? = 0
configure:9087: result: yes
configure:9095: checking if gcc supports -c -o file.o
configure:9142: result: yes
configure:9175: checking whether the gcc linker (/usr/bin/ld -m elf_x86_64) supports shared libraries
configure:10434: result: yes
configure:10471: checking whether -lc should be explicitly linked in
configure:10479: gcc -c -g -O2  conftest.c >&5
configure:10482: $? = 0
configure:10497: gcc -shared  -fPIC -DPIC conftest.o  -v -Wl,-soname -Wl,conftest -o conftest 2\>\&1 \| /usr/bin/grep  -lc  \>/dev/null 2\>\&1
configure:10500: $? = 0
configure:10514: result: no
configure:10674: checking dynamic linker characteristics
configure:11255: gcc -o conftest -g -O2   -Wl,-rpath -Wl,/foo conftest.c  >&5
configure:11255: $? = 0
configure:11492: result: GNU/Linux ld.so
configure:11614: checking how to hardcode library paths into programs
configure:11639: result: immediate
configure:12187: checking whether stripping libraries is possible
configure:12192: result: yes
configure:12227: checking if libtool supports shared libraries
configure:12229: result: yes
configure:12232: checking whether to build shared libraries
configure:12257: result: yes
configure:12260: checking whether to build static libraries
configure:12264: result: yes
configure:9104: checking gmp.h usability
configure:9104: gcc -c -g -O2  conftest.c >&5
configure:9104: $? = 0
configure:9104: result: yes
configure:9104: checking gmp.h presence
configure:9104: gcc -E  conftest.c
configure:9104: $? = 0
configure:9104: result: yes
configure:9104: checking for gmp.h
configure:9104: result: yes
configure:9107: checking for __gmpz_init in -lgmp
configure:9132: gcc -o conftest -g -O2   conftest.c -lgmp   >&5
configure:9132: $? = 0
configure:9141: result: yes
configure:9171: checking for latex
configure:9187: found /usr/bin/latex
configure:9198: result: latex
configure:9222: checking for pdflatex
configure:9238: found /usr/bin/pdflatex
configure:9249: result: pdflatex
configure:9273: checking for latex2html
configure:9303: result: no
configure:9324: checking for dvips
configure:9340: found /usr/bin/dvips
configure:9351: result: dvips
configure:9510: checking that generated files are newer than configure
configure:9516: result: done
configure:9559: creating ./config.status

## ---------------------- ##
## Running config.status. ##
## ---------------------- ##

This file was extended by cddlib config.status 0.94m, which was
generated by GNU Autoconf 2.69.  Invocation command line was

  CONFIG_FILES    = 
  CONFIG_HEADERS  = 
  CONFIG_LINKS    = 
  CONFIG_COMMANDS = 
  $ ./config.status 

on lesninha

config.status:1024: creating doc/Makefile
config.status:1024: creating lib-src/Makefile
config.status:1024: creating src/Makefile
config.status:1024: creating Makefile
config.status:1024: creating cddlib.pc
config.status:1196: executing depfiles commands
config.status:1273: cd lib-src       && sed -e '/# am--include-marker/d' Makefile         | make -f - am--depfiles
config.status:1278: $? = 0
config.status:1273: cd src       && sed -e '/# am--include-marker/d' Makefile         | make -f - am--depfiles
config.status:1278: $? = 0
config.status:1196: executing libtool commands

## ---------------- ##
## Cache variables. ##
## ---------------- ##

ac_cv_build=x86_64-pc-linux-gnu
ac_cv_c_compiler_gnu=yes
ac_cv_env_CC_set=
ac_cv_env_CC_value=
ac_cv_env_CFLAGS_set=
ac_cv_env_CFLAGS_value=
ac_cv_env_CPPFLAGS_set=
ac_cv_env_CPPFLAGS_value=
ac_cv_env_CPP_set=
ac_cv_env_CPP_value=
ac_cv_env_LDFLAGS_set=
ac_cv_env_LDFLAGS_value=
ac_cv_env_LIBS_set=
ac_cv_env_LIBS_value=
ac_cv_env_LT_SYS_LIBRARY_PATH_set=
ac_cv_env_LT_SYS_LIBRARY_PATH_value=
ac_cv_env_build_alias_set=
ac_cv_env_build_alias_value=
ac_cv_env_host_alias_set=
ac_cv_env_host_alias_value=
ac_cv_env_target_alias_set=
ac_cv_env_target_alias_value=
ac_cv_header_dlfcn_h=yes
ac_cv_header_gmp_h=yes
ac_cv_header_inttypes_h=yes
ac_cv_header_memory_h=yes
ac_cv_header_stdc=yes
ac_cv_header_stdint_h=yes
ac_cv_header_stdlib_h=yes
ac_cv_header_string_h=yes
ac_cv_header_strings_h=yes
ac_cv_header_sys_stat_h=yes
ac_cv_header_sys_types_h=yes
ac_cv_header_unistd_h=yes
ac_cv_host=x86_64-pc-linux-gnu
ac_cv_lib_gmp___gmpz_init=yes
ac_cv_objext=o
ac_cv_path_EGREP='/usr/bin/grep -E'
ac_cv_path_FGREP='/usr/bin/grep -F'
ac_cv_path_GREP=/usr/bin/grep
ac_cv_path_SED=/usr/bin/sed
ac_cv_path_install='/usr/bin/install -c'
ac_cv_path_lt_DD=/usr/bin/dd
ac_cv_path_mkdir=/usr/bin/mkdir
ac_cv_prog_AWK=mawk
ac_cv_prog_CPP='gcc -E'
ac_cv_prog_ac_ct_AR=ar
ac_cv_prog_ac_ct_CC=gcc
ac_cv_prog_ac_ct_MANIFEST_TOOL=mt
ac_cv_prog_ac_ct_OBJDUMP=objdump
ac_cv_prog_ac_ct_RANLIB=ranlib
ac_cv_prog_ac_ct_STRIP=strip
ac_cv_prog_cc_c89=
ac_cv_prog_cc_g=yes
ac_cv_prog_dvips=dvips
ac_cv_prog_latex=latex
ac_cv_prog_make_make_set=yes
ac_cv_prog_pdflatex=pdflatex
am_cv_CC_dependencies_compiler_type=gcc3
am_cv_make_support_nested_variables=yes
am_cv_prog_cc_c_o=yes
am_cv_prog_tar_ustar=gnutar
lt_cv_ar_at_file=@
lt_cv_archive_cmds_need_lc=no
lt_cv_deplibs_check_method=pass_all
lt_cv_file_magic_cmd='$MAGIC_CMD'
lt_cv_file_magic_test_file=
lt_cv_ld_reload_flag=-r
lt_cv_nm_interface='BSD nm'
lt_cv_objdir=.libs
lt_cv_path_LD=/usr/bin/ld
lt_cv_path_NM='/usr/bin/nm -B'
lt_cv_path_mainfest_tool=no
lt_cv_prog_compiler_c_o=yes
lt_cv_prog_compiler_pic='-fPIC -DPIC'
lt_cv_prog_compiler_pic_works=yes
lt_cv_prog_compiler_rtti_exceptions=no
lt_cv_prog_compiler_static_works=yes
lt_cv_prog_gnu_ld=yes
lt_cv_sharedlib_from_linklib_cmd='printf %s\n'
lt_cv_shlibpath_overrides_runpath=yes
lt_cv_sys_global_symbol_pipe='sed -n -e '\''s/^.*[	 ]\([ABCDGIRSTW][ABCDGIRSTW]*\)[	 ][	 ]*\([_A-Za-z][_A-Za-z0-9]*\)$/\1 \2 \2/p'\'' | sed '\''/ __gnu_lto/d'\'''
lt_cv_sys_global_symbol_to_c_name_address='sed -n -e '\''s/^: \(.*\) .*$/  {"\1", (void *) 0},/p'\'' -e '\''s/^[ABCDGIRSTW][ABCDGIRSTW]* .* \(.*\)$/  {"\1", (void *) \&\1},/p'\'''
lt_cv_sys_global_symbol_to_c_name_address_lib_prefix='sed -n -e '\''s/^: \(.*\) .*$/  {"\1", (void *) 0},/p'\'' -e '\''s/^[ABCDGIRSTW][ABCDGIRSTW]* .* \(lib.*\)$/  {"\1", (void *) \&\1},/p'\'' -e '\''s/^[ABCDGIRSTW][ABCDGIRSTW]* .* \(.*\)$/  {"lib\1", (void *) \&\1},/p'\'''
lt_cv_sys_global_symbol_to_cdecl='sed -n -e '\''s/^T .* \(.*\)$/extern int \1();/p'\'' -e '\''s/^[ABCDGIRSTW][ABCDGIRSTW]* .* \(.*\)$/extern char \1;/p'\'''
lt_cv_sys_global_symbol_to_import=
lt_cv_sys_max_cmd_len=1572864
lt_cv_to_host_file_cmd=func_convert_file_noop
lt_cv_to_tool_file_cmd=func_convert_file_noop
lt_cv_truncate_bin='/usr/bin/dd bs=4096 count=1'

## ----------------- ##
## Output variables. ##
## ----------------- ##

ACLOCAL='${SHELL} /home/shared/AI2/ERAN/cddlib-0.94m/missing aclocal-1.16'
AMDEPBACKSLASH='\'
AMDEP_FALSE='#'
AMDEP_TRUE=''
AMTAR='$${TAR-tar}'
AM_BACKSLASH='\'
AM_DEFAULT_V='$(AM_DEFAULT_VERBOSITY)'
AM_DEFAULT_VERBOSITY='1'
AM_V='$(V)'
AR='ar'
AS='as'
AUTOCONF='${SHELL} /home/shared/AI2/ERAN/cddlib-0.94m/missing autoconf'
AUTOHEADER='${SHELL} /home/shared/AI2/ERAN/cddlib-0.94m/missing autoheader'
AUTOMAKE='${SHELL} /home/shared/AI2/ERAN/cddlib-0.94m/missing automake-1.16'
AWK='mawk'
CC='gcc'
CCDEPMODE='depmode=gcc3'
CDD_LDFLAGS=''
CDD_LIBS='-lcdd -lcddgmp'
CFLAGS='-g -O2'
CPP='gcc -E'
CPPFLAGS=''
CYGPATH_W='echo'
DEFS='-DPACKAGE_NAME=\"cddlib\" -DPACKAGE_TARNAME=\"cddlib\" -DPACKAGE_VERSION=\"0.94m\" -DPACKAGE_STRING=\"cddlib\ 0.94m\" -DPACKAGE_BUGREPORT=\"\" -DPACKAGE_URL=\"\" -DPACKAGE=\"cddlib\" -DVERSION=\"0.94m\" -DSTDC_HEADERS=1 -DHAVE_SYS_TYPES_H=1 -DHAVE_SYS_STAT_H=1 -DHAVE_STDLIB_H=1 -DHAVE_STRING_H=1 -DHAVE_MEMORY_H=1 -DHAVE_STRINGS_H=1 -DHAVE_INTTYPES_H=1 -DHAVE_STDINT_H=1 -DHAVE_UNISTD_H=1 -DHAVE_DLFCN_H=1 -DLT_OBJDIR=\".libs/\"'
DEPDIR='.deps'
DLLTOOL='false'
DSYMUTIL=''
DUMPBIN=''
ECHO_C=''
ECHO_N='-n'
ECHO_T=''
EGREP='/usr/bin/grep -E'
EXEEXT=''
FGREP='/usr/bin/grep -F'
GMP_FALSE='#'
GMP_TRUE=''
GREP='/usr/bin/grep'
HTML_FALSE=''
HTML_TRUE='#'
INSTALL_DATA='${INSTALL} -m 644'
INSTALL_PROGRAM='${INSTALL}'
INSTALL_SCRIPT='${INSTALL}'
INSTALL_STRIP_PROGRAM='$(install_sh) -c -s'
LATEX_FALSE='#'
LATEX_TRUE=''
LD='/usr/bin/ld -m elf_x86_64'
LDFLAGS=''
LIBOBJS=''
LIBS=''
LIBTOOL='$(SHELL) $(top_builddir)/libtool'
LIPO=''
LN_S='ln -s'
LTLIBOBJS=''
LT_SYS_LIBRARY_PATH=''
MAKEINFO='${SHELL} /home/shared/AI2/ERAN/cddlib-0.94m/missing makeinfo'
MANIFEST_TOOL=':'
MKDIR_P='/usr/bin/mkdir -p'
NM='/usr/bin/nm -B'
NMEDIT=''
OBJDUMP='objdump'
OBJEXT='o'
OTOOL64=''
OTOOL=''
PACKAGE='cddlib'
PACKAGE_BUGREPORT=''
PACKAGE_NAME='cddlib'
PACKAGE_STRING='cddlib 0.94m'
PACKAGE_TARNAME='cddlib'
PACKAGE_URL=''
PACKAGE_VERSION='0.94m'
PATH_SEPARATOR=':'
PDF_FALSE='#'
PDF_TRUE=''
PS_FALSE='#'
PS_TRUE=''
RANLIB='ranlib'
SED='/usr/bin/sed'
SET_MAKE=''
SHELL='/bin/bash'
STRIP='strip'
VERSION='0.94m'
ac_ct_AR='ar'
ac_ct_CC='gcc'
ac_ct_DUMPBIN=''
am__EXEEXT_FALSE=''
am__EXEEXT_TRUE='#'
am__fastdepCC_FALSE='#'
am__fastdepCC_TRUE=''
am__include='include'
am__isrc=''
am__leading_dot='.'
am__nodep='_no'
am__quote=''
am__tar='tar --format=ustar -chf - "$$tardir"'
am__untar='tar -xf -'
bindir='${exec_prefix}/bin'
build='x86_64-pc-linux-gnu'
build_alias=''
build_cpu='x86_64'
build_os='linux-gnu'
build_vendor='pc'
datadir='${datarootdir}'
datarootdir='${prefix}/share'
docdir='${datarootdir}/doc/${PACKAGE_TARNAME}'
dvidir='${docdir}'
dvips='dvips'
exec_prefix='${prefix}'
host='x86_64-pc-linux-gnu'
host_alias=''
host_cpu='x86_64'
host_os='linux-gnu'
host_vendor='pc'
htmldir='${docdir}'
includedir='${prefix}/include'
infodir='${datarootdir}/info'
install_sh='${SHELL} /home/shared/AI2/ERAN/cddlib-0.94m/install-sh'
latex2html=''
latex='latex'
libcdd_version_info='1:2:1'
libdir='${exec_prefix}/lib'
libexecdir='${exec_prefix}/libexec'
localedir='${datarootdir}/locale'
localstatedir='${prefix}/var'
mandir='${datarootdir}/man'
mkdir_p='$(MKDIR_P)'
oldincludedir='/usr/include'
pdfdir='${docdir}'
pdflatex='pdflatex'
prefix='/usr/local'
program_transform_name='s,x,x,'
psdir='${docdir}'
sbindir='${exec_prefix}/sbin'
sharedstatedir='${prefix}/com'
sysconfdir='${prefix}/etc'
target_alias=''

## ----------- ##
## confdefs.h. ##
## ----------- ##

/* confdefs.h */
#define PACKAGE_NAME "cddlib"
#define PACKAGE_TARNAME "cddlib"
#define PACKAGE_VERSION "0.94m"
#define PACKAGE_STRING "cddlib 0.94m"
#define PACKAGE_BUGREPORT ""
#define PACKAGE_URL ""
#define PACKAGE "cddlib"
#define VERSION "0.94m"
#define STDC_HEADERS 1
#define HAVE_SYS_TYPES_H 1
#define HAVE_SYS_STAT_H 1
#define HAVE_STDLIB_H 1
#define HAVE_STRING_H 1
#define HAVE_MEMORY_H 1
#define HAVE_STRINGS_H 1
#define HAVE_INTTYPES_H 1
#define HAVE_STDINT_H 1
#define HAVE_UNISTD_H 1
#define HAVE_DLFCN_H 1
#define LT_OBJDIR ".libs/"

configure: exit 0
